  Game.cpp
C:\School\Semester2\GamePlayScripting\Game\DAE-Tower_Defence\TowerDefence\Game.cpp(436,16): warning C4244: 'initializing': conversion from 'float' to 'int', possible loss of data
  (compiling source file '/Game.cpp')
  
C:\School\Semester2\GamePlayScripting\Game\DAE-Tower_Defence\TowerDefence\Game.cpp(448,16): warning C4244: 'initializing': conversion from 'float' to 'int', possible loss of data
  (compiling source file '/Game.cpp')
  
C:\School\Semester2\GamePlayScripting\Game\DAE-Tower_Defence\TowerDefence\Game.cpp(450,94): warning C4244: 'argument': conversion from 'int' to 'float', possible loss of data
  (compiling source file '/Game.cpp')
  
C:\School\Semester2\GamePlayScripting\Game\DAE-Tower_Defence\TowerDefence\Game.cpp(461,16): warning C4244: 'initializing': conversion from 'float' to 'int', possible loss of data
  (compiling source file '/Game.cpp')
  
C:\School\Semester2\GamePlayScripting\Game\DAE-Tower_Defence\TowerDefence\Game.cpp(605,47): warning C4244: 'argument': conversion from 'int' to 'float', possible loss of data
  (compiling source file '/Game.cpp')
  
  main.cpp
  Generating code
  30 of 920 functions ( 3.3%) were compiled, the rest were copied from previous compilation.
    2 functions were new in current compilation
    40 functions had inline decision re-evaluated but remain unchanged
  Finished generating code
  TowerDefence.vcxproj -> C:\School\Semester2\GamePlayScripting\Game\DAE-Tower_Defence\x64\Release\TowerDefence.exe
  0 File(s) copied
  0 File(s) copied
  0 File(s) copied
  0 File(s) copied
  0 File(s) copied
